0 info it worked if it ends with ok
1 verbose cli [ '/Users/dean/.nvm/versions/node/v5.11.0/bin/node',
1 verbose cli   '/Users/dean/.nvm/versions/node/v5.11.0/bin/npm',
1 verbose cli   'start' ]
2 info using npm@3.8.6
3 info using node@v5.11.0
4 verbose run-script [ 'prestart', 'start', 'poststart' ]
5 info lifecycle hackerview@1.0.0~prestart: hackerview@1.0.0
6 silly lifecycle hackerview@1.0.0~prestart: no script for prestart, continuing
7 info lifecycle hackerview@1.0.0~start: hackerview@1.0.0
8 verbose lifecycle hackerview@1.0.0~start: unsafe-perm in lifecycle true
9 verbose lifecycle hackerview@1.0.0~start: PATH: /Users/dean/.nvm/versions/node/v5.11.0/lib/node_modules/npm/bin/node-gyp-bin:/Users/dean/react-server-rendering-example/server_rendering/node_modules/.bin:/Users/dean/.nvm/versions/node/v5.11.0/bin:~/Library/Android/sdk/tools:~/Library/Android/sdk/platform-tools:/Users/dean/.nvm/versions/node/v5.11.0/bin:/Users/dean/.pyenv/shims:/Users/dean/.pyenv/bin:/usr/local/bin:/usr/bin:/bin:/usr/sbin:/sbin
10 verbose lifecycle hackerview@1.0.0~start: CWD: /Users/dean/react-server-rendering-example/server_rendering
11 silly lifecycle hackerview@1.0.0~start: Args: [ '-c', 'node ./bin/www' ]
12 silly lifecycle hackerview@1.0.0~start: Returned: code: 1  signal: null
13 info lifecycle hackerview@1.0.0~start: Failed to exec start script
14 verbose stack Error: hackerview@1.0.0 start: `node ./bin/www`
14 verbose stack Exit status 1
14 verbose stack     at EventEmitter.<anonymous> (/Users/dean/.nvm/versions/node/v5.11.0/lib/node_modules/npm/lib/utils/lifecycle.js:239:16)
14 verbose stack     at emitTwo (events.js:100:13)
14 verbose stack     at EventEmitter.emit (events.js:185:7)
14 verbose stack     at ChildProcess.<anonymous> (/Users/dean/.nvm/versions/node/v5.11.0/lib/node_modules/npm/lib/utils/spawn.js:24:14)
14 verbose stack     at emitTwo (events.js:100:13)
14 verbose stack     at ChildProcess.emit (events.js:185:7)
14 verbose stack     at maybeClose (internal/child_process.js:850:16)
14 verbose stack     at Process.ChildProcess._handle.onexit (internal/child_process.js:215:5)
15 verbose pkgid hackerview@1.0.0
16 verbose cwd /Users/dean/react-server-rendering-example/server_rendering
17 error Darwin 15.5.0
18 error argv "/Users/dean/.nvm/versions/node/v5.11.0/bin/node" "/Users/dean/.nvm/versions/node/v5.11.0/bin/npm" "start"
19 error node v5.11.0
20 error npm  v3.8.6
21 error code ELIFECYCLE
22 error hackerview@1.0.0 start: `node ./bin/www`
22 error Exit status 1
23 error Failed at the hackerview@1.0.0 start script 'node ./bin/www'.
23 error Make sure you have the latest version of node.js and npm installed.
23 error If you do, this is most likely a problem with the hackerview package,
23 error not with npm itself.
23 error Tell the author that this fails on your system:
23 error     node ./bin/www
23 error You can get information on how to open an issue for this project with:
23 error     npm bugs hackerview
23 error Or if that isn't available, you can get their info via:
23 error     npm owner ls hackerview
23 error There is likely additional logging output above.
24 verbose exit [ 1, true ]
